  mat.cpp
D:\Cpp_project\cpp-experiment\project4_sln\Project4\mat.cpp(1,1): warning C4828: 文件包含在偏移 0x195c 处开始的字符，该字符在当前源字符集中无效(代码页 936)。
D:\Cpp_project\cpp-experiment\project4_sln\Project4\mat.cpp(221,17): warning C4477: “sprintf”: 格式字符串“%6lld”需要类型“__int64”的参数，但可变参数 1 拥有了类型“T”
          with
          [
              T=int
          ]
D:\Cpp_project\cpp-experiment\project4_sln\Project4\mat.cpp(221,17): message : 请考虑在格式字符串中使用“%d”
D:\Cpp_project\cpp-experiment\project4_sln\Project4\mat.cpp(221,17): message : 请考虑在格式字符串中使用“%Id”
D:\Cpp_project\cpp-experiment\project4_sln\Project4\mat.cpp(221,17): message : 请考虑在格式字符串中使用“%I32d”
D:\Cpp_project\cpp-experiment\project4_sln\Project4\mat.cpp(212): message : 在编译 类 模板 成员函数“char *MAT<int>::print(char *) noexcept const”时
D:\Cpp_project\cpp-experiment\project4_sln\Project4\mat.cpp(304): message : 查看对正在编译的 类 模板 实例化“MAT<int>”的引用
D:\Cpp_project\cpp-experiment\project4_sln\Project4\mat.cpp(245,17): warning C4477: “sprintf”: 格式字符串“%8f”需要类型“double”的参数，但可变参数 1 拥有了类型“T”
          with
          [
              T=int
          ]
D:\Cpp_project\cpp-experiment\project4_sln\Project4\mat.cpp(257,17): warning C4477: “sprintf”: 格式字符串“%8lf”需要类型“double”的参数，但可变参数 1 拥有了类型“T”
          with
          [
              T=int
          ]
D:\Cpp_project\cpp-experiment\project4_sln\Project4\mat.cpp(273,12): warning C4477: “printf”: 格式字符串“%6lld”需要类型“__int64”的参数，但可变参数 1 拥有了类型“T”
          with
          [
              T=int
          ]
D:\Cpp_project\cpp-experiment\project4_sln\Project4\mat.cpp(273,12): message : 请考虑在格式字符串中使用“%d”
D:\Cpp_project\cpp-experiment\project4_sln\Project4\mat.cpp(273,12): message : 请考虑在格式字符串中使用“%Id”
D:\Cpp_project\cpp-experiment\project4_sln\Project4\mat.cpp(273,12): message : 请考虑在格式字符串中使用“%I32d”
D:\Cpp_project\cpp-experiment\project4_sln\Project4\mat.cpp(268): message : 在编译 类 模板 成员函数“void MAT<int>::test_print(void)”时
D:\Cpp_project\cpp-experiment\project4_sln\Project4\mat.cpp(30): message : 查看对正在编译的函数 模板 实例化“void MAT<int>::test_print(void)”的引用
D:\Cpp_project\cpp-experiment\project4_sln\Project4\mat.cpp(289,12): warning C4477: “printf”: 格式字符串“%8f”需要类型“double”的参数，但可变参数 1 拥有了类型“T”
          with
          [
              T=int
          ]
D:\Cpp_project\cpp-experiment\project4_sln\Project4\mat.cpp(297,12): warning C4477: “printf”: 格式字符串“%8lf”需要类型“double”的参数，但可变参数 1 拥有了类型“T”
          with
          [
              T=int
          ]
D:\Cpp_project\cpp-experiment\project4_sln\Project4\mat.cpp(233,17): warning C4477: “sprintf”: 格式字符串“%6ld”需要类型“long”的参数，但可变参数 1 拥有了类型“T”
          with
          [
              T=__int64
          ]
D:\Cpp_project\cpp-experiment\project4_sln\Project4\mat.cpp(233,17): message : 请考虑在格式字符串中使用“%lld”
D:\Cpp_project\cpp-experiment\project4_sln\Project4\mat.cpp(233,17): message : 请考虑在格式字符串中使用“%I64d”
D:\Cpp_project\cpp-experiment\project4_sln\Project4\mat.cpp(212): message : 在编译 类 模板 成员函数“char *MAT<__int64>::print(char *) noexcept const”时
D:\Cpp_project\cpp-experiment\project4_sln\Project4\mat.cpp(305): message : 查看对正在编译的 类 模板 实例化“MAT<__int64>”的引用
D:\Cpp_project\cpp-experiment\project4_sln\Project4\mat.cpp(245,17): warning C4477: “sprintf”: 格式字符串“%8f”需要类型“double”的参数，但可变参数 1 拥有了类型“T”
          with
          [
              T=__int64
          ]
D:\Cpp_project\cpp-experiment\project4_sln\Project4\mat.cpp(257,17): warning C4477: “sprintf”: 格式字符串“%8lf”需要类型“double”的参数，但可变参数 1 拥有了类型“T”
          with
          [
              T=__int64
          ]
D:\Cpp_project\cpp-experiment\project4_sln\Project4\mat.cpp(281,12): warning C4477: “printf”: 格式字符串“%6ld”需要类型“long”的参数，但可变参数 1 拥有了类型“T”
          with
          [
              T=__int64
          ]
D:\Cpp_project\cpp-experiment\project4_sln\Project4\mat.cpp(281,12): message : 请考虑在格式字符串中使用“%lld”
D:\Cpp_project\cpp-experiment\project4_sln\Project4\mat.cpp(281,12): message : 请考虑在格式字符串中使用“%I64d”
D:\Cpp_project\cpp-experiment\project4_sln\Project4\mat.cpp(268): message : 在编译 类 模板 成员函数“void MAT<__int64>::test_print(void)”时
D:\Cpp_project\cpp-experiment\project4_sln\Project4\mat.cpp(30): message : 查看对正在编译的函数 模板 实例化“void MAT<__int64>::test_print(void)”的引用
D:\Cpp_project\cpp-experiment\project4_sln\Project4\mat.cpp(289,12): warning C4477: “printf”: 格式字符串“%8f”需要类型“double”的参数，但可变参数 1 拥有了类型“T”
          with
          [
              T=__int64
          ]
D:\Cpp_project\cpp-experiment\project4_sln\Project4\mat.cpp(297,12): warning C4477: “printf”: 格式字符串“%8lf”需要类型“double”的参数，但可变参数 1 拥有了类型“T”
          with
          [
              T=__int64
          ]
  Project4.vcxproj -> D:\Cpp_project\cpp-experiment\project4_sln\Project4\Debug\Project4.exe
